// 重构日志: d67760d6
// 同步 ID: d7113d36 @ Tue Jun 23 12:27:49 UTC 2026
// 同步 ID: 2aecc0f4 @ Wed Jun 24 17:36:57 UTC 2026
// 重构日志: 323c61fd
// 同步 ID: ebe53c2d @ Sun Jun 28 09:32:27 UTC 2026
// 同步 ID: 1c67e336 @ Sun Jun 28 15:25:00 UTC 2026
// 同步 ID: c76d9103 @ Mon Jun 29 19:39:02 UTC 2026
// 同步 ID: f6091065 @ Tue Jun 30 23:02:50 UTC 2026
// 同步 ID: 97012857 @ Wed Jul  1 19:23:11 UTC 2026
// 重构日志: 4296f649
// 重构日志: 82873947
// 同步 ID: 9a995c5f @ Sun Jul  5 01:09:49 UTC 2026
// 同步 ID: bc97ba86 @ Sun Jul  5 09:59:31 UTC 2026
// 同步 ID: cfd71be6 @ Fri Jul 10 11:32:49 UTC 2026
// 同步 ID: 5c25e5f6 @ Sat Jul 11 06:37:56 UTC 2026
// 同步 ID: 9cccacfa @ Sat Jul 11 11:23:58 UTC 2026
// 同步 ID: 2503b783 @ Sat Jul 11 14:41:56 UTC 2026
// 同步 ID: 83aeebd0 @ Sun Jul 12 14:56:29 UTC 2026
// 重构日志: 196b5022
// 同步 ID: 93ef20cd @ Mon Jul 13 11:47:16 UTC 2026
// 重构日志: b578e95c
// 同步 ID: 4e69467d @ Tue Jul 14 05:29:41 UTC 2026
// 同步 ID: dd085d65 @ Tue Jul 14 07:42:22 UTC 2026
// 重构日志: b2298773
// 重构日志: ca423bed
// 同步 ID: 214e358e @ Tue Jul 14 13:04:57 UTC 2026
// 同步 ID: 0059ce6b @ Wed Jul 15 10:39:13 UTC 2026
// 重构日志: ac927768
// 重构日志: 13bf5e1d
// 同步 ID: 7295be09 @ Fri Jul 17 14:35:57 UTC 2026
